<?xml version="1.0" encoding="utf-8"?>
<test-run id="2" testcasecount="242" result="Passed" total="242" passed="242" failed="0" inconclusive="0" skipped="0" asserts="0" engine-version="3.5.0.0" clr-version="4.0.30319.42000" start-time="2026-06-02 20:14:35Z" end-time="2026-06-02 20:14:35Z" duration="0.4752438">
  <test-suite type="TestSuite" id="1000" name="BovineLabs" fullname="BovineLabs" runstate="Runnable" testcasecount="255" result="Passed" start-time="2026-06-02 20:14:35Z" end-time="2026-06-02 20:14:35Z" duration="0.475244" total="242" passed="242" failed="0" inconclusive="0" skipped="0" asserts="0">
    <properties>
      <property name="platform" value="EditMode" />
    </properties>
    <test-suite type="Assembly" id="1029" name="BovineLabs.HitStop.Tests.dll" fullname="/home/i/GitHub/BovineLabs/Library/ScriptAssemblies/BovineLabs.HitStop.Tests.dll" runstate="Runnable" testcasecount="25" result="Passed" start-time="2026-06-02 20:14:35Z" end-time="2026-06-02 20:14:35Z" duration="0.065445" total="25" passed="25" failed="0" inconclusive="0" skipped="0" asserts="0">
      <properties>
        <property name="_PID" value="1891037" />
        <property name="_APPDOMAIN" value="Unity Child Domain" />
        <property name="platform" value="EditMode" />
        <property name="EditorOnly" value="True" />
      </properties>
      <test-suite type="TestSuite" id="1030" name="BovineLabs" fullname="BovineLabs" runstate="Runnable" testcasecount="25" result="Passed" start-time="2026-06-02 20:14:35Z" end-time="2026-06-02 20:14:35Z" duration="0.065167" total="25" passed="25" failed="0" inconclusive="0" skipped="0" asserts="0">
        <properties />
        <test-suite type="TestSuite" id="1031" name="HitStop" fullname="BovineLabs.HitStop" runstate="Runnable" testcasecount="25" result="Passed" start-time="2026-06-02 20:14:35Z" end-time="2026-06-02 20:14:35Z" duration="0.065018" total="25" passed="25" failed="0" inconclusive="0" skipped="0" asserts="0">
          <properties />
          <test-suite type="TestSuite" id="1032" name="Tests" fullname="BovineLabs.HitStop.Tests" runstate="Runnable" testcasecount="25" result="Passed" start-time="2026-06-02 20:14:35Z" end-time="2026-06-02 20:14:35Z" duration="0.064799" total="25" passed="25" failed="0" inconclusive="0" skipped="0" asserts="0">
            <properties />
            <test-suite type="TestFixture" id="1001" name="HitStopConfigTests" fullname="BovineLabs.HitStop.Tests.HitStopConfigTests" classname="BovineLabs.HitStop.Tests.HitStopConfigTests" runstate="Runnable" testcasecount="7" result="Passed" start-time="2026-06-02 20:14:35Z" end-time="2026-06-02 20:14:35Z" duration="0.017192" total="7" passed="7" failed="0" inconclusive="0" skipped="0" asserts="0">
              <properties />
              <test-case id="1005" name="Default_Duration_IsDefault" fullname="BovineLabs.HitStop.Tests.HitStopConfigTests.Default_Duration_IsDefault" methodname="Default_Duration_IsDefault" classname="BovineLabs.HitStop.Tests.HitStopConfigTests" runstate="Runnable" seed="587021448" result="Passed" start-time="2026-06-02 20:14:35Z" end-time="2026-06-02 20:14:35Z" duration="0.007587" asserts="0">
                <properties>
                  <property name="retryIteration" value="0" />
                  <property name="repeatIteration" value="0" />
                </properties>
              </test-case>
              <test-case id="1004" name="Default_Intensity_IsDefault" fullname="BovineLabs.HitStop.Tests.HitStopConfigTests.Default_Intensity_IsDefault" methodname="Default_Intensity_IsDefault" classname="BovineLabs.HitStop.Tests.HitStopConfigTests" runstate="Runnable" seed="1773591194" result="Passed" start-time="2026-06-02 20:14:35Z" end-time="2026-06-02 20:14:35Z" duration="0.000187" asserts="0">
                <properties>
                  <property name="retryIteration" value="0" />
                  <property name="repeatIteration" value="0" />
                </properties>
              </test-case>
              <test-case id="1003" name="Default_OnEnd_IsNull" fullname="BovineLabs.HitStop.Tests.HitStopConfigTests.Default_OnEnd_IsNull" methodname="Default_OnEnd_IsNull" classname="BovineLabs.HitStop.Tests.HitStopConfigTests" runstate="Runnable" seed="1414256696" result="Passed" start-time="2026-06-02 20:14:35Z" end-time="2026-06-02 20:14:35Z" duration="0.000255" asserts="0">
                <properties>
                  <property name="retryIteration" value="0" />
                  <property name="repeatIteration" value="0" />
                </properties>
              </test-case>
              <test-case id="1002" name="Default_OnHit_IsNull" fullname="BovineLabs.HitStop.Tests.HitStopConfigTests.Default_OnHit_IsNull" methodname="Default_OnHit_IsNull" classname="BovineLabs.HitStop.Tests.HitStopConfigTests" runstate="Runnable" seed="1006976272" result="Passed" start-time="2026-06-02 20:14:35Z" end-time="2026-06-02 20:14:35Z" duration="0.000156" asserts="0">
                <properties>
                  <property name="retryIteration" value="0" />
                  <property name="repeatIteration" value="0" />
                </properties>
              </test-case>
              <test-case id="1006" name="Default_Target_IsNone" fullname="BovineLabs.HitStop.Tests.HitStopConfigTests.Default_Target_IsNone" methodname="Default_Target_IsNone" classname="BovineLabs.HitStop.Tests.HitStopConfigTests" runstate="Runnable" seed="385936330" result="Passed" start-time="2026-06-02 20:14:35Z" end-time="2026-06-02 20:14:35Z" duration="0.000154" asserts="0">
                <properties>
                  <property name="retryIteration" value="0" />
                  <property name="repeatIteration" value="0" />
                </properties>
              </test-case>
              <test-case id="1007" name="Fields_SetCorrectly" fullname="BovineLabs.HitStop.Tests.HitStopConfigTests.Fields_SetCorrectly" methodname="Fields_SetCorrectly" classname="BovineLabs.HitStop.Tests.HitStopConfigTests" runstate="Runnable" seed="544534719" result="Passed" start-time="2026-06-02 20:14:35Z" end-time="2026-06-02 20:14:35Z" duration="0.000279" asserts="0">
                <properties>
                  <property name="retryIteration" value="0" />
                  <property name="repeatIteration" value="0" />
                </properties>
              </test-case>
              <test-case id="1008" name="Target_CanBeSet_ToAllEnumValues" fullname="BovineLabs.HitStop.Tests.HitStopConfigTests.Target_CanBeSet_ToAllEnumValues" methodname="Target_CanBeSet_ToAllEnumValues" classname="BovineLabs.HitStop.Tests.HitStopConfigTests" runstate="Runnable" seed="1292588961" result="Passed" start-time="2026-06-02 20:14:35Z" end-time="2026-06-02 20:14:35Z" duration="0.000195" asserts="0">
                <properties>
                  <property name="retryIteration" value="0" />
                  <property name="repeatIteration" value="0" />
                </properties>
              </test-case>
            </test-suite>
            <test-suite type="TestFixture" id="1009" name="HitStopStateTests" fullname="BovineLabs.HitStop.Tests.HitStopStateTests" classname="BovineLabs.HitStop.Tests.HitStopStateTests" runstate="Runnable" testcasecount="7" result="Passed" start-time="2026-06-02 20:14:35Z" end-time="2026-06-02 20:14:35Z" duration="0.005004" total="7" passed="7" failed="0" inconclusive="0" skipped="0" asserts="0">
              <properties />
              <test-case id="1010" name="Default_CurrentIntensity_IsZero" fullname="BovineLabs.HitStop.Tests.HitStopStateTests.Default_CurrentIntensity_IsZero" methodname="Default_CurrentIntensity_IsZero" classname="BovineLabs.HitStop.Tests.HitStopStateTests" runstate="Runnable" seed="517402352" result="Passed" start-time="2026-06-02 20:14:35Z" end-time="2026-06-02 20:14:35Z" duration="0.000638" asserts="0">
                <properties>
                  <property name="retryIteration" value="0" />
                  <property name="repeatIteration" value="0" />
                </properties>
              </test-case>
              <test-case id="1012" name="Default_OnEnd_IsNull" fullname="BovineLabs.HitStop.Tests.HitStopStateTests.Default_OnEnd_IsNull" methodname="Default_OnEnd_IsNull" classname="BovineLabs.HitStop.Tests.HitStopStateTests" runstate="Runnable" seed="1200788404" result="Passed" start-time="2026-06-02 20:14:35Z" end-time="2026-06-02 20:14:35Z" duration="0.000173" asserts="0">
                <properties>
                  <property name="retryIteration" value="0" />
                  <property name="repeatIteration" value="0" />
                </properties>
              </test-case>
              <test-case id="1011" name="Default_Seed_IsZero" fullname="BovineLabs.HitStop.Tests.HitStopStateTests.Default_Seed_IsZero" methodname="Default_Seed_IsZero" classname="BovineLabs.HitStop.Tests.HitStopStateTests" runstate="Runnable" seed="826526622" result="Passed" start-time="2026-06-02 20:14:35Z" end-time="2026-06-02 20:14:35Z" duration="0.000359" asserts="0">
                <properties>
                  <property name="retryIteration" value="0" />
                  <property name="repeatIteration" value="0" />
                </properties>
              </test-case>
              <test-case id="1013" name="Default_Source_IsNullEntity" fullname="BovineLabs.HitStop.Tests.HitStopStateTests.Default_Source_IsNullEntity" methodname="Default_Source_IsNullEntity" classname="BovineLabs.HitStop.Tests.HitStopStateTests" runstate="Runnable" seed="2087259087" result="Passed" start-time="2026-06-02 20:14:35Z" end-time="2026-06-02 20:14:35Z" duration="0.000258" asserts="0">
                <properties>
                  <property name="retryIteration" value="0" />
                  <property name="repeatIteration" value="0" />
                </properties>
              </test-case>
              <test-case id="1014" name="Fields_SetCorrectly" fullname="BovineLabs.HitStop.Tests.HitStopStateTests.Fields_SetCorrectly" methodname="Fields_SetCorrectly" classname="BovineLabs.HitStop.Tests.HitStopStateTests" runstate="Runnable" seed="1318157494" result="Passed" start-time="2026-06-02 20:14:35Z" end-time="2026-06-02 20:14:35Z" duration="0.000223" asserts="0">
                <properties>
                  <property name="retryIteration" value="0" />
                  <property name="repeatIteration" value="0" />
                </properties>
              </test-case>
              <test-case id="1015" name="Implements_IComponentData" fullname="BovineLabs.HitStop.Tests.HitStopStateTests.Implements_IComponentData" methodname="Implements_IComponentData" classname="BovineLabs.HitStop.Tests.HitStopStateTests" runstate="Runnable" seed="77604453" result="Passed" start-time="2026-06-02 20:14:35Z" end-time="2026-06-02 20:14:35Z" duration="0.000305" asserts="0">
                <properties>
                  <property name="retryIteration" value="0" />
                  <property name="repeatIteration" value="0" />
                </properties>
              </test-case>
              <test-case id="1016" name="Implements_IEnableableComponent" fullname="BovineLabs.HitStop.Tests.HitStopStateTests.Implements_IEnableableComponent" methodname="Implements_IEnableableComponent" classname="BovineLabs.HitStop.Tests.HitStopStateTests" runstate="Runnable" seed="690618694" result="Passed" start-time="2026-06-02 20:14:35Z" end-time="2026-06-02 20:14:35Z" duration="0.000124" asserts="0">
                <properties>
                  <property name="retryIteration" value="0" />
                  <property name="repeatIteration" value="0" />
                </properties>
              </test-case>
            </test-suite>
            <test-suite type="TestFixture" id="1017" name="HitStopSystemTests" fullname="BovineLabs.HitStop.Tests.HitStopSystemTests" classname="BovineLabs.HitStop.Tests.HitStopSystemTests" runstate="Runnable" testcasecount="11" result="Passed" start-time="2026-06-02 20:14:35Z" end-time="2026-06-02 20:14:35Z" duration="0.041547" total="11" passed="11" failed="0" inconclusive="0" skipped="0" asserts="0">
              <properties />
              <test-case id="1023" name="HitStopConfig_IsAddedAsComponent" fullname="BovineLabs.HitStop.Tests.HitStopSystemTests.HitStopConfig_IsAddedAsComponent" methodname="HitStopConfig_IsAddedAsComponent" classname="BovineLabs.HitStop.Tests.HitStopSystemTests" runstate="Runnable" seed="415070128" result="Passed" start-time="2026-06-02 20:14:35Z" end-time="2026-06-02 20:14:35Z" duration="0.014239" asserts="0">
                <properties>
                  <property name="retryIteration" value="0" />
                  <property name="repeatIteration" value="0" />
                </properties>
              </test-case>
              <test-case id="1024" name="HitStopRemainingTime_SetAndGet" fullname="BovineLabs.HitStop.Tests.HitStopSystemTests.HitStopRemainingTime_SetAndGet" methodname="HitStopRemainingTime_SetAndGet" classname="BovineLabs.HitStop.Tests.HitStopSystemTests" runstate="Runnable" seed="1735244507" result="Passed" start-time="2026-06-02 20:14:35Z" end-time="2026-06-02 20:14:35Z" duration="0.002190" asserts="0">
                <properties>
                  <property name="retryIteration" value="0" />
                  <property name="repeatIteration" value="0" />
                </properties>
              </test-case>
              <test-case id="1021" name="HitStopState_CanBeEnabled" fullname="BovineLabs.HitStop.Tests.HitStopSystemTests.HitStopState_CanBeEnabled" methodname="HitStopState_CanBeEnabled" classname="BovineLabs.HitStop.Tests.HitStopSystemTests" runstate="Runnable" seed="1669893663" result="Passed" start-time="2026-06-02 20:14:35Z" end-time="2026-06-02 20:14:35Z" duration="0.001928" asserts="0">
                <properties>
                  <property name="retryIteration" value="0" />
                  <property name="repeatIteration" value="0" />
                </properties>
              </test-case>
              <test-case id="1022" name="HitStopState_CanBeToggled" fullname="BovineLabs.HitStop.Tests.HitStopSystemTests.HitStopState_CanBeToggled" methodname="HitStopState_CanBeToggled" classname="BovineLabs.HitStop.Tests.HitStopSystemTests" runstate="Runnable" seed="1785947249" result="Passed" start-time="2026-06-02 20:14:35Z" end-time="2026-06-02 20:14:35Z" duration="0.001691" asserts="0">
                <properties>
                  <property name="retryIteration" value="0" />
                  <property name="repeatIteration" value="0" />
                </properties>
              </test-case>
              <test-case id="1020" name="HitStopState_Default_IsEnabledOnEntity" fullname="BovineLabs.HitStop.Tests.HitStopSystemTests.HitStopState_Default_IsEnabledOnEntity" methodname="HitStopState_Default_IsEnabledOnEntity" classname="BovineLabs.HitStop.Tests.HitStopSystemTests" runstate="Runnable" seed="2142047668" result="Passed" start-time="2026-06-02 20:14:35Z" end-time="2026-06-02 20:14:35Z" duration="0.001520" asserts="0">
                <properties>
                  <property name="retryIteration" value="0" />
                  <property name="repeatIteration" value="0" />
                </properties>
              </test-case>
              <test-case id="1025" name="HitStopState_Intensity_SetAndGet" fullname="BovineLabs.HitStop.Tests.HitStopSystemTests.HitStopState_Intensity_SetAndGet" methodname="HitStopState_Intensity_SetAndGet" classname="BovineLabs.HitStop.Tests.HitStopSystemTests" runstate="Runnable" seed="1379387963" result="Passed" start-time="2026-06-02 20:14:35Z" end-time="2026-06-02 20:14:35Z" duration="0.001802" asserts="0">
                <properties>
                  <property name="retryIteration" value="0" />
                  <property name="repeatIteration" value="0" />
                </properties>
              </test-case>
              <test-case id="1028" name="MultipleEntities_IndependentState" fullname="BovineLabs.HitStop.Tests.HitStopSystemTests.MultipleEntities_IndependentState" methodname="MultipleEntities_IndependentState" classname="BovineLabs.HitStop.Tests.HitStopSystemTests" runstate="Runnable" seed="1331826629" result="Passed" start-time="2026-06-02 20:14:35Z" end-time="2026-06-02 20:14:35Z" duration="0.001789" asserts="0">
                <properties>
                  <property name="retryIteration" value="0" />
                  <property name="repeatIteration" value="0" />
                </properties>
              </test-case>
              <test-case id="1027" name="MultipleEntities_WithHitStopState_AllEnabledByDefault" fullname="BovineLabs.HitStop.Tests.HitStopSystemTests.MultipleEntities_WithHitStopState_AllEnabledByDefault" methodname="MultipleEntities_WithHitStopState_AllEnabledByDefault" classname="BovineLabs.HitStop.Tests.HitStopSystemTests" runstate="Runnable" seed="226491251" result="Passed" start-time="2026-06-02 20:14:35Z" end-time="2026-06-02 20:14:35Z" duration="0.001565" asserts="0">
                <properties>
                  <property name="retryIteration" value="0" />
                  <property name="repeatIteration" value="0" />
                </properties>
              </test-case>
              <test-case id="1018" name="OnCreate_DoesNotThrow" fullname="BovineLabs.HitStop.Tests.HitStopSystemTests.OnCreate_DoesNotThrow" methodname="OnCreate_DoesNotThrow" classname="BovineLabs.HitStop.Tests.HitStopSystemTests" runstate="Runnable" seed="624982452" result="Passed" start-time="2026-06-02 20:14:35Z" end-time="2026-06-02 20:14:35Z" duration="0.008925" asserts="0">
                <properties>
                  <property name="retryIteration" value="0" />
                  <property name="repeatIteration" value="0" />
                </properties>
              </test-case>
              <test-case id="1026" name="PostTransformMatrix_WithHitStopState_CanCoexist" fullname="BovineLabs.HitStop.Tests.HitStopSystemTests.PostTransformMatrix_WithHitStopState_CanCoexist" methodname="PostTransformMatrix_WithHitStopState_CanCoexist" classname="BovineLabs.HitStop.Tests.HitStopSystemTests" runstate="Runnable" seed="173763310" result="Passed" start-time="2026-06-02 20:14:35Z" end-time="2026-06-02 20:14:35Z" duration="0.001604" asserts="0">
                <properties>
                  <property name="retryIteration" value="0" />
                  <property name="repeatIteration" value="0" />
                </properties>
              </test-case>
              <test-case id="1019" name="Update_WithNoEntities_DoesNotThrow" fullname="BovineLabs.HitStop.Tests.HitStopSystemTests.Update_WithNoEntities_DoesNotThrow" methodname="Update_WithNoEntities_DoesNotThrow" classname="BovineLabs.HitStop.Tests.HitStopSystemTests" runstate="Runnable" seed="112418892" result="Passed" start-time="2026-06-02 20:14:35Z" end-time="2026-06-02 20:14:35Z" duration="0.001670" asserts="0">
                <properties>
                  <property name="retryIteration" value="0" />
                  <property name="repeatIteration" value="0" />
                </properties>
              </test-case>
            </test-suite>
          </test-suite>
        </test-suite>
      </test-suite>
    </test-suite>
    <test-suite type="Assembly" id="1103" name="BovineLabs.Timeline.Animation.Tests.dll" fullname="/home/i/GitHub/BovineLabs/Library/ScriptAssemblies/BovineLabs.Timeline.Animation.Tests.dll" runstate="Runnable" testcasecount="54" result="Passed" start-time="2026-06-02 20:14:35Z" end-time="2026-06-02 20:14:35Z" duration="0.025669" total="54" passed="54" failed="0" inconclusive="0" skipped="0" asserts="0">
      <properties>
        <property name="_PID" value="1891037" />
        <property name="_APPDOMAIN" value="Unity Child Domain" />
        <property name="platform" value="EditMode" />
        <property name="EditorOnly" value="True" />
      </properties>
      <test-suite type="TestSuite" id="1104" name="BovineLabs" fullname="BovineLabs" runstate="Runnable" testcasecount="54" result="Passed" start-time="2026-06-02 20:14:35Z" end-time="2026-06-02 20:14:35Z" duration="0.025210" total="54" passed="54" failed="0" inconclusive="0" skipped="0" asserts="0">
        <properties />
        <test-suite type="TestSuite" id="1105" name="Timeline" fullname="BovineLabs.Timeline" runstate="Runnable" testcasecount="54" result="Passed" start-time="2026-06-02 20:14:35Z" end-time="2026-06-02 20:14:35Z" duration="0.025055" total="54" passed="54" failed="0" inconclusive="0" skipped="0" asserts="0">
          <properties />
          <test-suite type="TestSuite" id="1106" name="Animation" fullname="BovineLabs.Timeline.Animation" runstate="Runnable" testcasecount="54" result="Passed" start-time="2026-06-02 20:14:35Z" end-time="2026-06-02 20:14:35Z" duration="0.024918" total="54" passed="54" failed="0" inconclusive="0" skipped="0" asserts="0">
            <properties />
            <test-suite type="TestSuite" id="1107" name="Tests" fullname="BovineLabs.Timeline.Animation.Tests" runstate="Runnable" testcasecount="54" result="Passed" start-time="2026-06-02 20:14:35Z" end-time="2026-06-02 20:14:35Z" duration="0.024655" total="54" passed="54" failed="0" inconclusive="0" skipped="0" asserts="0">
              <properties />
              <test-suite type="TestFixture" id="1067" name="AnimationDebugStateTests" fullname="BovineLabs.Timeline.Animation.Tests.AnimationDebugStateTests" classname="BovineLabs.Timeline.Animation.Tests.AnimationDebugStateTests" runstate="Runnable" testcasecount="4" result="Passed" start-time="2026-06-02 20:14:35Z" end-time="2026-06-02 20:14:35Z" duration="0.001719" total="4" passed="4" failed="0" inconclusive="0" skipped="0" asserts="0">
                <properties />
                <test-case id="1070" name="Default_ZeroFields" fullname="BovineLabs.Timeline.Animation.Tests.AnimationDebugStateTests.Default_ZeroFields" methodname="Default_ZeroFields" classname="BovineLabs.Timeline.Animation.Tests.AnimationDebugStateTests" runstate="Runnable" seed="31164035" result="Passed" start-time="2026-06-02 20:14:35Z" end-time="2026-06-02 20:14:35Z" duration="0.000330" asserts="0">
                  <properties>
                    <property name="retryIteration" value="0" />
                    <property name="repeatIteration" value="0" />
                  </properties>
                </test-case>
                <test-case id="1071" name="Fields_SetCorrectly" fullname="BovineLabs.Timeline.Animation.Tests.AnimationDebugStateTests.Fields_SetCorrectly" methodname="Fields_SetCorrectly" classname="BovineLabs.Timeline.Animation.Tests.AnimationDebugStateTests" runstate="Runnable" seed="1037330293" result="Passed" start-time="2026-06-02 20:14:35Z" end-time="2026-06-02 20:14:35Z" duration="0.000193" asserts="0">
                  <properties>
                    <property name="retryIteration" value="0" />
                    <property name="repeatIteration" value="0" />
                  </properties>
                </test-case>
                <test-case id="1069" name="Implements_IComponentData" fullname="BovineLabs.Timeline.Animation.Tests.AnimationDebugStateTests.Implements_IComponentData" methodname="Implements_IComponentData" classname="BovineLabs.Timeline.Animation.Tests.AnimationDebugStateTests" runstate="Runnable" seed="1777451898" result="Passed" start-time="2026-06-02 20:14:35Z" end-time="2026-06-02 20:14:35Z" duration="0.000135" asserts="0">
                  <properties>
                    <property name="retryIteration" value="0" />
                    <property name="repeatIteration" value="0" />
                  </properties>
                </test-case>
                <test-case id="1068" name="IsValueType" fullname="BovineLabs.Timeline.Animation.Tests.AnimationDebugStateTests.IsValueType" methodname="IsValueType" classname="BovineLabs.Timeline.Animation.Tests.AnimationDebugStateTests" runstate="Runnable" seed="1035951962" result="Passed" start-time="2026-06-02 20:14:35Z" end-time="2026-06-02 20:14:35Z" duration="0.000115" asserts="0">
                  <properties>
                    <property name="retryIteration" value="0" />
                    <property name="repeatIteration" value="0" />
                  </properties>
                </test-case>
              </test-suite>
              <test-suite type="TestFixture" id="1083" name="BlendAnimationTree2DTrackDataTests" fullname="BovineLabs.Timeline.Animation.Tests.BlendAnimationTree2DTrackDataTests" classname="BovineLabs.Timeline.Animation.Tests.BlendAnimationTree2DTrackDataTests" runstate="Runnable" testcasecount="4" result="Passed" start-time="2026-06-02 20:14:35Z" end-time="2026-06-02 20:14:35Z" duration="0.001527" total="4" passed="4" failed="0" inconclusive="0" skipped="0" asserts="0">
                <properties />
                <test-case id="1086" name="Default_ZeroFields" fullname="BovineLabs.Timeline.Animation.Tests.BlendAnimationTree2DTrackDataTests.Default_ZeroFields" methodname="Default_ZeroFields" classname="BovineLabs.Timeline.Animation.Tests.BlendAnimationTree2DTrackDataTests" runstate="Runnable" seed="1073879960" result="Passed" start-time="2026-06-02 20:14:35Z" end-time="2026-06-02 20:14:35Z" duration="0.000203" asserts="0">
                  <properties>
                    <property name="retryIteration" value="0" />
                    <property name="repeatIteration" value="0" />
                  </properties>
                </test-case>
                <test-case id="1087" name="Fields_SetCorrectly" fullname="BovineLabs.Timeline.Animation.Tests.BlendAnimationTree2DTrackDataTests.Fields_SetCorrectly" methodname="Fields_SetCorrectly" classname="BovineLabs.Timeline.Animation.Tests.BlendAnimationTree2DTrackDataTests" runstate="Runnable" seed="1566646786" result="Passed" start-time="2026-06-02 20:14:35Z" end-time="2026-06-02 20:14:35Z" duration="0.000167" asserts="0">
                  <properties>
                    <property name="retryIteration" value="0" />
                    <property name="repeatIteration" value="0" />
                  </properties>
                </test-case>
                <test-case id="1085" name="Implements_IComponentData" fullname="BovineLabs.Timeline.Animation.Tests.BlendAnimationTree2DTrackDataTests.Implements_IComponentData" methodname="Implements_IComponentData" classname="BovineLabs.Timeline.Animation.Tests.BlendAnimationTree2DTrackDataTests" runstate="Runnable" seed="647711147" result="Passed" start-time="2026-06-02 20:14:35Z" end-time="2026-06-02 20:14:35Z" duration="0.000121" asserts="0">
                  <properties>
                    <property name="retryIteration" value="0" />
                    <property name="repeatIteration" value="0" />
                  </properties>
                </test-case>
                <test-case id="1084" name="IsValueType" fullname="BovineLabs.Timeline.Animation.Tests.BlendAnimationTree2DTrackDataTests.IsValueType" methodname="IsValueType" classname="BovineLabs.Timeline.Animation.Tests.BlendAnimationTree2DTrackDataTests" runstate="Runnable" seed="252891462" result="Passed" start-time="2026-06-02 20:14:35Z" end-time="2026-06-02 20:14:35Z" duration="0.000117" asserts="0">
                  <properties>
                    <property name="retryIteration" value="0" />
                    <property name="repeatIteration" value="0" />
                  </properties>
                </test-case>
              </test-suite>
              <test-suite type="TestFixture" id="1081" name="BlendDirectionReadKindTests" fullname="BovineLabs.Timeline.Animation.Tests.BlendDirectionReadKindTests" classname="BovineLabs.Timeline.Animation.Tests.BlendDirectionReadKindTests" runstate="Runnable" testcasecount="1" result="Passed" start-time="2026-06-02 20:14:35Z" end-time="2026-06-02 20:14:35Z" duration="0.000582" total="1" passed="1" failed="0" inconclusive="0" skipped="0" asserts="0">
                <properties />
                <test-case id="1082" name="Values_AreCorrect" fullname="BovineLabs.Timeline.Animation.Tests.BlendDirectionReadKindTests.Values_AreCorrect" methodname="Values_AreCorrect" classname="BovineLabs.Timeline.Animation.Tests.BlendDirectionReadKindTests" runstate="Runnable" seed="1305015196" result="Passed" start-time="2026-06-02 20:14:35Z" end-time="2026-06-02 20:14:35Z" duration="0.000142" asserts="0">
                  <properties>
                    <property name="retryIteration" value="0" />
                    <property name="repeatIteration" value="0" />
                  </properties>
                </test-case>
              </test-suite>
              <test-suite type="TestFixture" id="1034" name="BlendGroupEntryTests" fullname="BovineLabs.Timeline.Animation.Tests.BlendGroupEntryTests" classname="BovineLabs.Timeline.Animation.Tests.BlendGroupEntryTests" runstate="Runnable" testcasecount="4" result="Passed" start-time="2026-06-02 20:14:35Z" end-time="2026-06-02 20:14:35Z" duration="0.002420" total="4" passed="4" failed="0" inconclusive="0" skipped="0" asserts="0">
                <properties />
                <test-case id="1037" name="Default_ZeroFields" fullname="BovineLabs.Timeline.Animation.Tests.BlendGroupEntryTests.Default_ZeroFields" methodname="Default_ZeroFields" classname="BovineLabs.Timeline.Animation.Tests.BlendGroupEntryTests" runstate="Runnable" seed="1073779590" result="Passed" start-time="2026-06-02 20:14:35Z" end-time="2026-06-02 20:14:35Z" duration="0.000542" asserts="0">
                  <properties>
                    <property name="retryIteration" value="0" />
                    <property name="repeatIteration" value="0" />
                  </properties>
                </test-case>
                <test-case id="1038" name="Fields_SetCorrectly" fullname="BovineLabs.Timeline.Animation.Tests.BlendGroupEntryTests.Fields_SetCorrectly" methodname="Fields_SetCorrectly" classname="BovineLabs.Timeline.Animation.Tests.BlendGroupEntryTests" runstate="Runnable" seed="1355646996" result="Passed" start-time="2026-06-02 20:14:35Z" end-time="2026-06-02 20:14:35Z" duration="0.000750" asserts="0">
                  <properties>
                    <property name="retryIteration" value="0" />
                    <property name="repeatIteration" value="0" />
                  </properties>
                </test-case>
                <test-case id="1036" name="Implements_IBufferElementData" fullname="BovineLabs.Timeline.Animation.Tests.BlendGroupEntryTests.Implements_IBufferElementData" methodname="Implements_IBufferElementData" classname="BovineLabs.Timeline.Animation.Tests.BlendGroupEntryTests" runstate="Runnable" seed="1369285828" result="Passed" start-time="2026-06-02 20:14:35Z" end-time="2026-06-02 20:14:35Z" duration="0.000131" asserts="0">
                  <properties>
                    <property name="retryIteration" value="0" />
                    <property name="repeatIteration" value="0" />
                  </properties>
                </test-case>
                <test-case id="1035" name="IsValueType" fullname="BovineLabs.Timeline.Animation.Tests.BlendGroupEntryTests.IsValueType" methodname="IsValueType" classname="BovineLabs.Timeline.Animation.Tests.BlendGroupEntryTests" runstate="Runnable" seed="1772839951" result="Passed" start-time="2026-06-02 20:14:35Z" end-time="2026-06-02 20:14:35Z" duration="0.000112" asserts="0">
                  <properties>
                    <property name="retryIteration" value="0" />
                    <property name="repeatIteration" value="0" />
                  </properties>
                </test-case>
              </test-suite>
              <test-suite type="TestFixture" id="1044" name="BlendGroupTimerTests" fullname="BovineLabs.Timeline.Animation.Tests.BlendGroupTimerTests" classname="BovineLabs.Timeline.Animation.Tests.BlendGroupTimerTests" runstate="Runnable" testcasecount="5" result="Passed" start-time="2026-06-02 20:14:35Z" end-time="2026-06-02 20:14:35Z" duration="0.001681" total="5" passed="5" failed="0" inconclusive="0" skipped="0" asserts="0">
                <properties />
                <test-case id="1048" name="Default_ZeroFields" fullname="BovineLabs.Timeline.Animation.Tests.BlendGroupTimerTests.Default_ZeroFields" methodname="Default_ZeroFields" classname="BovineLabs.Timeline.Animation.Tests.BlendGroupTimerTests" runstate="Runnable" seed="430439801" result="Passed" start-time="2026-06-02 20:14:35Z" end-time="2026-06-02 20:14:35Z" duration="0.000180" asserts="0">
                  <properties>
                    <property name="retryIteration" value="0" />
                    <property name="repeatIteration" value="0" />
                  </properties>
                </test-case>
                <test-case id="1049" name="Fields_SetCorrectly" fullname="BovineLabs.Timeline.Animation.Tests.BlendGroupTimerTests.Fields_SetCorrectly" methodname="Fields_SetCorrectly" classname="BovineLabs.Timeline.Animation.Tests.BlendGroupTimerTests" runstate="Runnable" seed="2144639553" result="Passed" start-time="2026-06-02 20:14:35Z" end-time="2026-06-02 20:14:35Z" duration="0.000177" asserts="0">
                  <properties>
                    <property name="retryIteration" value="0" />
                    <property name="repeatIteration" value="0" />
                  </properties>
                </test-case>
                <test-case id="1046" name="Implements_IComponentData" fullname="BovineLabs.Timeline.Animation.Tests.BlendGroupTimerTests.Implements_IComponentData" methodname="Implements_IComponentData" classname="BovineLabs.Timeline.Animation.Tests.BlendGroupTimerTests" runstate="Runnable" seed="1569697681" result="Passed" start-time="2026-06-02 20:14:35Z" end-time="2026-06-02 20:14:35Z" duration="0.000122" asserts="0">
                  <properties>
                    <property name="retryIteration" value="0" />
                    <property name="repeatIteration" value="0" />
                  </properties>
                </test-case>
                <test-case id="1047" name="Implements_IEnableableComponent" fullname="BovineLabs.Timeline.Animation.Tests.BlendGroupTimerTests.Implements_IEnableableComponent" methodname="Implements_IEnableableComponent" classname="BovineLabs.Timeline.Animation.Tests.BlendGroupTimerTests" runstate="Runnable" seed="659579266" result="Passed" start-time="2026-06-02 20:14:35Z" end-time="2026-06-02 20:14:35Z" duration="0.000115" asserts="0">
                  <properties>
                    <property name="retryIteration" value="0" />
                    <property name="repeatIteration" value="0" />
                  </properties>
                </test-case>
                <test-case id="1045" name="IsValueType" fullname="BovineLabs.Timeline.Animation.Tests.BlendGroupTimerTests.IsValueType" methodname="IsValueType" classname="BovineLabs.Timeline.Animation.Tests.BlendGroupTimerTests" runstate="Runnable" seed="1522000102" result="Passed" start-time="2026-06-02 20:14:35Z" end-time="2026-06-02 20:14:35Z" duration="0.000117" asserts="0">
                  <properties>
                    <property name="retryIteration" value="0" />
                    <property name="repeatIteration" value="0" />
                  </properties>
                </test-case>
              </test-suite>
              <test-suite type="TestFixture" id="1077" name="BlendTree2DDirectionClipDataTests" fullname="BovineLabs.Timeline.Animation.Tests.BlendTree2DDirectionClipDataTests" classname="BovineLabs.Timeline.Animation.Tests.BlendTree2DDirectionClipDataTests" runstate="Runnable" testcasecount="3" result="Passed" start-time="2026-06-02 20:14:35Z" end-time="2026-06-02 20:14:35Z" duration="0.001423" total="3" passed="3" failed="0" inconclusive="0" skipped="0" asserts="0">
                <properties />
                <test-case id="1079" name="Default_ZeroFields" fullname="BovineLabs.Timeline.Animation.Tests.BlendTree2DDirectionClipDataTests.Default_ZeroFields" methodname="Default_ZeroFields" classname="BovineLabs.Timeline.Animation.Tests.BlendTree2DDirectionClipDataTests" runstate="Runnable" seed="1649217182" result="Passed" start-time="2026-06-02 20:14:35Z" end-time="2026-06-02 20:14:35Z" duration="0.000328" asserts="0">
                  <properties>
                    <property name="retryIteration" value="0" />
                    <property name="repeatIteration" value="0" />
                  </properties>
                </test-case>
                <test-case id="1080" name="Fields_SetCorrectly" fullname="BovineLabs.Timeline.Animation.Tests.BlendTree2DDirectionClipDataTests.Fields_SetCorrectly" methodname="Fields_SetCorrectly" classname="BovineLabs.Timeline.Animation.Tests.BlendTree2DDirectionClipDataTests" runstate="Runnable" seed="723164995" result="Passed" start-time="2026-06-02 20:14:35Z" end-time="2026-06-02 20:14:35Z" duration="0.000237" asserts="0">
                  <properties>
                    <property name="retryIteration" value="0" />
                    <property name="repeatIteration" value="0" />
                  </properties>
                </test-case>
                <test-case id="1078" name="IsValueType" fullname="BovineLabs.Timeline.Animation.Tests.BlendTree2DDirectionClipDataTests.IsValueType" methodname="IsValueType" classname="BovineLabs.Timeline.Animation.Tests.BlendTree2DDirectionClipDataTests" runstate="Runnable" seed="1671246904" result="Passed" start-time="2026-06-02 20:14:35Z" end-time="2026-06-02 20:14:35Z" duration="0.000118" asserts="0">
                  <properties>
                    <property name="retryIteration" value="0" />
                    <property name="repeatIteration" value="0" />
                  </properties>
                </test-case>
              </test-suite>
              <test-suite type="TestFixture" id="1072" name="BlendTree2DMotionDataTests" fullname="BovineLabs.Timeline.Animation.Tests.BlendTree2DMotionDataTests" classname="BovineLabs.Timeline.Animation.Tests.BlendTree2DMotionDataTests" runstate="Runnable" testcasecount="4" result="Passed" start-time="2026-06-02 20:14:35Z" end-time="2026-06-02 20:14:35Z" duration="0.001745" total="4" passed="4" failed="0" inconclusive="0" skipped="0" asserts="0">
                <properties />
                <test-case id="1075" name="Default_ZeroFields" fullname="BovineLabs.Timeline.Animation.Tests.BlendTree2DMotionDataTests.Default_ZeroFields" methodname="Default_ZeroFields" classname="BovineLabs.Timeline.Animation.Tests.BlendTree2DMotionDataTests" runstate="Runnable" seed="134581167" result="Passed" start-time="2026-06-02 20:14:35Z" end-time="2026-06-02 20:14:35Z" duration="0.000312" asserts="0">
                  <properties>
                    <property name="retryIteration" value="0" />
                    <property name="repeatIteration" value="0" />
                  </properties>
                </test-case>
                <test-case id="1076" name="Fields_SetCorrectly" fullname="BovineLabs.Timeline.Animation.Tests.BlendTree2DMotionDataTests.Fields_SetCorrectly" methodname="Fields_SetCorrectly" classname="BovineLabs.Timeline.Animation.Tests.BlendTree2DMotionDataTests" runstate="Runnable" seed="1101617989" result="Passed" start-time="2026-06-02 20:14:35Z" end-time="2026-06-02 20:14:35Z" duration="0.000255" asserts="0">
                  <properties>
                    <property name="retryIteration" value="0" />
                    <property name="repeatIteration" value="0" />
                  </properties>
                </test-case>
                <test-case id="1074" name="Implements_IBufferElementData" fullname="BovineLabs.Timeline.Animation.Tests.BlendTree2DMotionDataTests.Implements_IBufferElementData" methodname="Implements_IBufferElementData" classname="BovineLabs.Timeline.Animation.Tests.BlendTree2DMotionDataTests" runstate="Runnable" seed="408288861" result="Passed" start-time="2026-06-02 20:14:35Z" end-time="2026-06-02 20:14:35Z" duration="0.000131" asserts="0">
                  <properties>
                    <property name="retryIteration" value="0" />
                    <property name="repeatIteration" value="0" />
                  </properties>
                </test-case>
                <test-case id="1073" name="IsValueType" fullname="BovineLabs.Timeline.Animation.Tests.BlendTree2DMotionDataTests.IsValueType" methodname="IsValueType" classname="BovineLabs.Timeline.Animation.Tests.BlendTree2DMotionDataTests" runstate="Runnable" seed="314718920" result="Passed" start-time="2026-06-02 20:14:35Z" end-time="2026-06-02 20:14:35Z" duration="0.000123" asserts="0">
                  <properties>
                    <property name="retryIteration" value="0" />
                    <property name="repeatIteration" value="0" />
                  </properties>
                </test-case>
              </test-suite>
              <test-suite type="TestFixture" id="1088" name="BlendTreePlaybackStateElementTests" fullname="BovineLabs.Timeline.Animation.Tests.BlendTreePlaybackStateElementTests" classname="BovineLabs.Timeline.Animation.Tests.BlendTreePlaybackStateElementTests" runstate="Runnable" testcasecount="4" result="Passed" start-time="2026-06-02 20:14:35Z" end-time="2026-06-02 20:14:35Z" duration="0.001517" total="4" passed="4" failed="0" inconclusive="0" skipped="0" asserts="0">
                <properties />
                <test-case id="1091" name="Default_ZeroFields" fullname="BovineLabs.Timeline.Animation.Tests.BlendTreePlaybackStateElementTests.Default_ZeroFields" methodname="Default_ZeroFields" classname="BovineLabs.Timeline.Animation.Tests.BlendTreePlaybackStateElementTests" runstate="Runnable" seed="1221904491" result="Passed" start-time="2026-06-02 20:14:35Z" end-time="2026-06-02 20:14:35Z" duration="0.000190" asserts="0">
                  <properties>
                    <property name="retryIteration" value="0" />
                    <property name="repeatIteration" value="0" />
                  </properties>
                </test-case>
                <test-case id="1092" name="Fields_SetCorrectly" fullname="BovineLabs.Timeline.Animation.Tests.BlendTreePlaybackStateElementTests.Fields_SetCorrectly" methodname="Fields_SetCorrectly" classname="BovineLabs.Timeline.Animation.Tests.BlendTreePlaybackStateElementTests" runstate="Runnable" seed="161190478" result="Passed" start-time="2026-06-02 20:14:35Z" end-time="2026-06-02 20:14:35Z" duration="0.000190" asserts="0">
                  <properties>
                    <property name="retryIteration" value="0" />
                    <property name="repeatIteration" value="0" />
                  </properties>
                </test-case>
                <test-case id="1090" name="Implements_IBufferElementData" fullname="BovineLabs.Timeline.Animation.Tests.BlendTreePlaybackStateElementTests.Implements_IBufferElementData" methodname="Implements_IBufferElementData" classname="BovineLabs.Timeline.Animation.Tests.BlendTreePlaybackStateElementTests" runstate="Runnable" seed="432275422" result="Passed" start-time="2026-06-02 20:14:35Z" end-time="2026-06-02 20:14:35Z" duration="0.000129" asserts="0">
                  <properties>
                    <property name="retryIteration" value="0" />
                    <property name="repeatIteration" value="0" />
                  </properties>
                </test-case>
                <test-case id="1089" name="IsValueType" fullname="BovineLabs.Timeline.Animation.Tests.BlendTreePlaybackStateElementTests.IsValueType" methodname="IsValueType" classname="BovineLabs.Timeline.Animation.Tests.BlendTreePlaybackStateElementTests" runstate="Runnable" seed="2008462683" result="Passed" start-time="2026-06-02 20:14:35Z" end-time="2026-06-02 20:14:35Z" duration="0.000116" asserts="0">
                  <properties>
                    <property name="retryIteration" value="0" />
                    <property name="repeatIteration" value="0" />
                  </properties>
                </test-case>
              </test-suite>
              <test-suite type="TestFixture" id="1055" name="DefaultBlendGroupFallbackTests" fullname="BovineLabs.Timeline.Animation.Tests.DefaultBlendGroupFallbackTests" classname="BovineLabs.Timeline.Animation.Tests.DefaultBlendGroupFallbackTests" runstate="Runnable" testcasecount="4" result="Passed" start-time="2026-06-02 20:14:35Z" end-time="2026-06-02 20:14:35Z" duration="0.001758" total="4" passed="4" failed="0" inconclusive="0" skipped="0" asserts="0">
                <properties />
                <test-case id="1058" name="Default_ZeroFields" fullname="BovineLabs.Timeline.Animation.Tests.DefaultBlendGroupFallbackTests.Default_ZeroFields" methodname="Default_ZeroFields" classname="BovineLabs.Timeline.Animation.Tests.DefaultBlendGroupFallbackTests" runstate="Runnable" seed="871548609" result="Passed" start-time="2026-06-02 20:14:35Z" end-time="2026-06-02 20:14:35Z" duration="0.000266" asserts="0">
                  <properties>
                    <property name="retryIteration" value="0" />
                    <property name="repeatIteration" value="0" />
                  </properties>
                </test-case>
                <test-case id="1059" name="Fields_SetCorrectly" fullname="BovineLabs.Timeline.Animation.Tests.DefaultBlendGroupFallbackTests.Fields_SetCorrectly" methodname="Fields_SetCorrectly" classname="BovineLabs.Timeline.Animation.Tests.DefaultBlendGroupFallbackTests" runstate="Runnable" seed="1728450658" result="Passed" start-time="2026-06-02 20:14:35Z" end-time="2026-06-02 20:14:35Z" duration="0.000326" asserts="0">
                  <properties>
                    <property name="retryIteration" value="0" />
                    <property name="repeatIteration" value="0" />
                  </properties>
                </test-case>
                <test-case id="1057" name="Implements_IComponentData" fullname="BovineLabs.Timeline.Animation.Tests.DefaultBlendGroupFallbackTests.Implements_IComponentData" methodname="Implements_IComponentData" classname="BovineLabs.Timeline.Animation.Tests.DefaultBlendGroupFallbackTests" runstate="Runnable" seed="2090691145" result="Passed" start-time="2026-06-02 20:14:35Z" end-time="2026-06-02 20:14:35Z" duration="0.000169" asserts="0">
                  <properties>
                    <property name="retryIteration" value="0" />
                    <property name="repeatIteration" value="0" />
                  </properties>
                </test-case>
                <test-case id="1056" name="IsValueType" fullname="BovineLabs.Timeline.Animation.Tests.DefaultBlendGroupFallbackTests.IsValueType" methodname="IsValueType" classname="BovineLabs.Timeline.Animation.Tests.DefaultBlendGroupFallbackTests" runstate="Runnable" seed="618244277" result="Passed" start-time="2026-06-02 20:14:35Z" end-time="2026-06-02 20:14:35Z" duration="0.000116" asserts="0">
                  <properties>
                    <property name="retryIteration" value="0" />
                    <property name="repeatIteration" value="0" />
                  </properties>
                </test-case>
              </test-suite>
              <test-suite type="TestFixture" id="1050" name="FallbackBlendTests" fullname="BovineLabs.Timeline.Animation.Tests.FallbackBlendTests" classname="BovineLabs.Timeline.Animation.Tests.FallbackBlendTests" runstate="Runnable" testcasecount="4" result="Passed" start-time="2026-06-02 20:14:35Z" end-time="2026-06-02 20:14:35Z" duration="0.001683" total="4" passed="4" failed="0" inconclusive="0" skipped="0" asserts="0">
                <properties />
                <test-case id="1053" name="Default_ZeroFields" fullname="BovineLabs.Timeline.Animation.Tests.FallbackBlendTests.Default_ZeroFields" methodname="Default_ZeroFields" classname="BovineLabs.Timeline.Animation.Tests.FallbackBlendTests" runstate="Runnable" seed="319880471" result="Passed" start-time="2026-06-02 20:14:35Z" end-time="2026-06-02 20:14:35Z" duration="0.000280" asserts="0">
                  <properties>
                    <property name="retryIteration" value="0" />
                    <property name="repeatIteration" value="0" />
                  </properties>
                </test-case>
                <test-case id="1054" name="Fields_SetCorrectly" fullname="BovineLabs.Timeline.Animation.Tests.FallbackBlendTests.Fields_SetCorrectly" methodname="Fields_SetCorrectly" classname="BovineLabs.Timeline.Animation.Tests.FallbackBlendTests" runstate="Runnable" seed="216936663" result="Passed" start-time="2026-06-02 20:14:35Z" end-time="2026-06-02 20:14:35Z" duration="0.000304" asserts="0">
                  <properties>
                    <property name="retryIteration" value="0" />
                    <property name="repeatIteration" value="0" />
                  </properties>
                </test-case>
                <test-case id="1052" name="Implements_IComponentData" fullname="BovineLabs.Timeline.Animation.Tests.FallbackBlendTests.Implements_IComponentData" methodname="Implements_IComponentData" classname="BovineLabs.Timeline.Animation.Tests.FallbackBlendTests" runstate="Runnable" seed="1039004863" result="Passed" start-time="2026-06-02 20:14:35Z" end-time="2026-06-02 20:14:35Z" duration="0.000125" asserts="0">
                  <properties>
                    <property name="retryIteration" value="0" />
                    <property name="repeatIteration" value="0" />
                  </properties>
                </test-case>
                <test-case id="1051" name="IsValueType" fullname="BovineLabs.Timeline.Animation.Tests.FallbackBlendTests.IsValueType" methodname="IsValueType" classname="BovineLabs.Timeline.Animation.Tests.FallbackBlendTests" runstate="Runnable" seed="2141760632" result="Passed" start-time="2026-06-02 20:14:35Z" end-time="2026-06-02 20:14:35Z" duration="0.000114" asserts="0">
                  <properties>
                    <property name="retryIteration" value="0" />
                    <property name="repeatIteration" value="0" />
                  </properties>
                </test-case>
              </test-suite>
              <test-suite type="TestFixture" id="1065" name="FallbackPlaybackModeTests" fullname="BovineLabs.Timeline.Animation.Tests.FallbackPlaybackModeTests" classname="BovineLabs.Timeline.Animation.Tests.FallbackPlaybackModeTests" runstate="Runnable" testcasecount="1" result="Passed" start-time="2026-06-02 20:14:35Z" end-time="2026-06-02 20:14:35Z" duration="0.000581" total="1" passed="1" failed="0" inconclusive="0" skipped="0" asserts="0">
                <properties />
                <test-case id="1066" name="Values_AreCorrect" fullname="BovineLabs.Timeline.Animation.Tests.FallbackPlaybackModeTests.Values_AreCorrect" methodname="Values_AreCorrect" classname="BovineLabs.Timeline.Animation.Tests.FallbackPlaybackModeTests" runstate="Runnable" seed="837074385" result="Passed" start-time="2026-06-02 20:14:35Z" end-time="2026-06-02 20:14:35Z" duration="0.000141" asserts="0">
                  <properties>
                    <property name="retryIteration" value="0" />
                    <property name="repeatIteration" value="0" />
                  </properties>
                </test-case>
              </test-suite>
              <test-suite type="TestFixture" id="1093" name="RukhankaSingleClipDataTests" fullname="BovineLabs.Timeline.Animation.Tests.RukhankaSingleClipDataTests" classname="BovineLabs.Timeline.Animation.Tests.RukhankaSingleClipDataTests" runstate="Runnable" testcasecount="4" result="Passed" start-time="2026-06-02 20:14:35Z" end-time="2026-06-02 20:14:35Z" duration="0.001452" total="4" passed="4" failed="0" inconclusive="0" skipped="0" asserts="0">
                <properties />
                <test-case id="1096" name="Default_ZeroFields" fullname="BovineLabs.Timeline.Animation.Tests.RukhankaSingleClipDataTests.Default_ZeroFields" methodname="Default_ZeroFields" classname="BovineLabs.Timeline.Animation.Tests.RukhankaSingleClipDataTests" runstate="Runnable" seed="647347974" result="Passed" start-time="2026-06-02 20:14:35Z" end-time="2026-06-02 20:14:35Z" duration="0.000178" asserts="0">
                  <properties>
                    <property name="retryIteration" value="0" />
                    <property name="repeatIteration" value="0" />
                  </properties>
                </test-case>
                <test-case id="1097" name="Fields_SetCorrectly" fullname="BovineLabs.Timeline.Animation.Tests.RukhankaSingleClipDataTests.Fields_SetCorrectly" methodname="Fields_SetCorrectly" classname="BovineLabs.Timeline.Animation.Tests.RukhankaSingleClipDataTests" runstate="Runnable" seed="1929880885" result="Passed" start-time="2026-06-02 20:14:35Z" end-time="2026-06-02 20:14:35Z" duration="0.000174" asserts="0">
                  <properties>
                    <property name="retryIteration" value="0" />
                    <property name="repeatIteration" value="0" />
                  </properties>
                </test-case>
                <test-case id="1095" name="Implements_IComponentData" fullname="BovineLabs.Timeline.Animation.Tests.RukhankaSingleClipDataTests.Implements_IComponentData" methodname="Implements_IComponentData" classname="BovineLabs.Timeline.Animation.Tests.RukhankaSingleClipDataTests" runstate="Runnable" seed="1539774277" result="Passed" start-time="2026-06-02 20:14:35Z" end-time="2026-06-02 20:14:35Z" duration="0.000118" asserts="0">
                  <properties>
                    <property name="retryIteration" value="0" />
                    <property name="repeatIteration" value="0" />
                  </properties>
                </test-case>
                <test-case id="1094" name="IsValueType" fullname="BovineLabs.Timeline.Animation.Tests.RukhankaSingleClipDataTests.IsValueType" methodname="IsValueType" classname="BovineLabs.Timeline.Animation.Tests.RukhankaSingleClipDataTests" runstate="Runnable" seed="279915583" result="Passed" start-time="2026-06-02 20:14:35Z" end-time="2026-06-02 20:14:35Z" duration="0.000108" asserts="0">
                  <properties>
                    <property name="retryIteration" value="0" />
                    <property name="repeatIteration" value="0" />
                  </properties>
                </test-case>
              </test-suite>
              <test-suite type="TestFixture" id="1098" name="RukhankaSingleTrackDataTests" fullname="BovineLabs.Timeline.Animation.Tests.RukhankaSingleTrackDataTests" classname="BovineLabs.Timeline.Animation.Tests.RukhankaSingleTrackDataTests" runstate="Runnable" testcasecount="4" result="Passed" start-time="2026-06-02 20:14:35Z" end-time="2026-06-02 20:14:35Z" duration="0.001413" total="4" passed="4" failed="0" inconclusive="0" skipped="0" asserts="0">
                <properties />
                <test-case id="1101" name="Default_ZeroFields" fullname="BovineLabs.Timeline.Animation.Tests.RukhankaSingleTrackDataTests.Default_ZeroFields" methodname="Default_ZeroFields" classname="BovineLabs.Timeline.Animation.Tests.RukhankaSingleTrackDataTests" runstate="Runnable" seed="985402202" result="Passed" start-time="2026-06-02 20:14:35Z" end-time="2026-06-02 20:14:35Z" duration="0.000144" asserts="0">
                  <properties>
                    <property name="retryIteration" value="0" />
                    <property name="repeatIteration" value="0" />
                  </properties>
                </test-case>
                <test-case id="1102" name="Fields_SetCorrectly" fullname="BovineLabs.Timeline.Animation.Tests.RukhankaSingleTrackDataTests.Fields_SetCorrectly" methodname="Fields_SetCorrectly" classname="BovineLabs.Timeline.Animation.Tests.RukhankaSingleTrackDataTests" runstate="Runnable" seed="324801381" result="Passed" start-time="2026-06-02 20:14:35Z" end-time="2026-06-02 20:14:35Z" duration="0.000138" asserts="0">
                  <properties>
                    <property name="retryIteration" value="0" />
                    <property name="repeatIteration" value="0" />
                  </properties>
                </test-case>
                <test-case id="1100" name="Implements_IComponentData" fullname="BovineLabs.Timeline.Animation.Tests.RukhankaSingleTrackDataTests.Implements_IComponentData" methodname="Implements_IComponentData" classname="BovineLabs.Timeline.Animation.Tests.RukhankaSingleTrackDataTests" runstate="Runnable" seed="1380211586" result="Passed" start-time="2026-06-02 20:14:35Z" end-time="2026-06-02 20:14:35Z" duration="0.000124" asserts="0">
                  <properties>
                    <property name="retryIteration" value="0" />
                    <property name="repeatIteration" value="0" />
                  </properties>
                </test-case>
                <test-case id="1099" name="IsValueType" fullname="BovineLabs.Timeline.Animation.Tests.RukhankaSingleTrackDataTests.IsValueType" methodname="IsValueType" classname="BovineLabs.Timeline.Animation.Tests.RukhankaSingleTrackDataTests" runstate="Runnable" seed="2041062980" result="Passed" start-time="2026-06-02 20:14:35Z" end-time="2026-06-02 20:14:35Z" duration="0.000110" asserts="0">
                  <properties>
                    <property name="retryIteration" value="0" />
                    <property name="repeatIteration" value="0" />
                  </properties>
                </test-case>
              </test-suite>
              <test-suite type="TestFixture" id="1039" name="SmoothBlendGroupEntryTests" fullname="BovineLabs.Timeline.Animation.Tests.SmoothBlendGroupEntryTests" classname="BovineLabs.Timeline.Animation.Tests.SmoothBlendGroupEntryTests" runstate="Runnable" testcasecount="4" result="Passed" start-time="2026-06-02 20:14:35Z" end-time="2026-06-02 20:14:35Z" duration="0.001690" total="4" passed="4" failed="0" inconclusive="0" skipped="0" asserts="0">
                <properties />
                <test-case id="1042" name="Default_ZeroFields" fullname="BovineLabs.Timeline.Animation.Tests.SmoothBlendGroupEntryTests.Default_ZeroFields" methodname="Default_ZeroFields" classname="BovineLabs.Timeline.Animation.Tests.SmoothBlendGroupEntryTests" runstate="Runnable" seed="1889876511" result="Passed" start-time="2026-06-02 20:14:35Z" end-time="2026-06-02 20:14:35Z" duration="0.000266" asserts="0">
                  <properties>
                    <property name="retryIteration" value="0" />
                    <property name="repeatIteration" value="0" />
                  </properties>
                </test-case>
                <test-case id="1043" name="Fields_SetCorrectly" fullname="BovineLabs.Timeline.Animation.Tests.SmoothBlendGroupEntryTests.Fields_SetCorrectly" methodname="Fields_SetCorrectly" classname="BovineLabs.Timeline.Animation.Tests.SmoothBlendGroupEntryTests" runstate="Runnable" seed="166011018" result="Passed" start-time="2026-06-02 20:14:35Z" end-time="2026-06-02 20:14:35Z" duration="0.000302" asserts="0">
                  <properties>
                    <property name="retryIteration" value="0" />
                    <property name="repeatIteration" value="0" />
                  </properties>
                </test-case>
                <test-case id="1041" name="Implements_IBufferElementData" fullname="BovineLabs.Timeline.Animation.Tests.SmoothBlendGroupEntryTests.Implements_IBufferElementData" methodname="Implements_IBufferElementData" classname="BovineLabs.Timeline.Animation.Tests.SmoothBlendGroupEntryTests" runstate="Runnable" seed="1190674865" result="Passed" start-time="2026-06-02 20:14:35Z" end-time="2026-06-02 20:14:35Z" duration="0.000123" asserts="0">
                  <properties>
                    <property name="retryIteration" value="0" />
                    <property name="repeatIteration" value="0" />
                  </properties>
                </test-case>
                <test-case id="1040" name="IsValueType" fullname="BovineLabs.Timeline.Animation.Tests.SmoothBlendGroupEntryTests.IsValueType" methodname="IsValueType" classname="BovineLabs.Timeline.Animation.Tests.SmoothBlendGroupEntryTests" runstate="Runnable" seed="628346412" result="Passed" start-time="2026-06-02 20:14:35Z" end-time="2026-06-02 20:14:35Z" duration="0.000116" asserts="0">
                  <properties>
                    <property name="retryIteration" value="0" />
                    <property name="repeatIteration" value="0" />
                  </properties>
                </test-case>
              </test-suite>
              <test-suite type="TestFixture" id="1060" name="TrackFallbackOverrideTests" fullname="BovineLabs.Timeline.Animation.Tests.TrackFallbackOverrideTests" classname="BovineLabs.Timeline.Animation.Tests.TrackFallbackOverrideTests" runstate="Runnable" testcasecount="4" result="Passed" start-time="2026-06-02 20:14:35Z" end-time="2026-06-02 20:14:35Z" duration="0.001695" total="4" passed="4" failed="0" inconclusive="0" skipped="0" asserts="0">
                <properties />
                <test-case id="1063" name="Default_ZeroFields" fullname="BovineLabs.Timeline.Animation.Tests.TrackFallbackOverrideTests.Default_ZeroFields" methodname="Default_ZeroFields" classname="BovineLabs.Timeline.Animation.Tests.TrackFallbackOverrideTests" runstate="Runnable" seed="1899294341" result="Passed" start-time="2026-06-02 20:14:35Z" end-time="2026-06-02 20:14:35Z" duration="0.000272" asserts="0">
                  <properties>
                    <property name="retryIteration" value="0" />
                    <property name="repeatIteration" value="0" />
                  </properties>
                </test-case>
                <test-case id="1064" name="Fields_SetCorrectly" fullname="BovineLabs.Timeline.Animation.Tests.TrackFallbackOverrideTests.Fields_SetCorrectly" methodname="Fields_SetCorrectly" classname="BovineLabs.Timeline.Animation.Tests.TrackFallbackOverrideTests" runstate="Runnable" seed="1773098684" result="Passed" start-time="2026-06-02 20:14:35Z" end-time="2026-06-02 20:14:35Z" duration="0.000294" asserts="0">
                  <properties>
                    <property name="retryIteration" value="0" />
                    <property name="repeatIteration" value="0" />
                  </properties>
                </test-case>
                <test-case id="1062" name="Implements_IComponentData" fullname="BovineLabs.Timeline.Animation.Tests.TrackFallbackOverrideTests.Implements_IComponentData" methodname="Implements_IComponentData" classname="BovineLabs.Timeline.Animation.Tests.TrackFallbackOverrideTests" runstate="Runnable" seed="2090288364" result="Passed" start-time="2026-06-02 20:14:35Z" end-time="2026-06-02 20:14:35Z" duration="0.000137" asserts="0">
                  <properties>
                    <property name="retryIteration" value="0" />
                    <property name="repeatIteration" value="0" />
                  </properties>
                </test-case>
                <test-case id="1061" name="IsValueType" fullname="BovineLabs.Timeline.Animation.Tests.TrackFallbackOverrideTests.IsValueType" methodname="IsValueType" classname="BovineLabs.Timeline.Animation.Tests.TrackFallbackOverrideTests" runstate="Runnable" seed="939835016" result="Passed" start-time="2026-06-02 20:14:35Z" end-time="2026-06-02 20:14:35Z" duration="0.000117" asserts="0">
                  <properties>
                    <property name="retryIteration" value="0" />
                    <property name="repeatIteration" value="0" />
                  </properties>
                </test-case>
              </test-suite>
            </test-suite>
          </test-suite>
        </test-suite>
      </test-suite>
    </test-suite>
    <test-suite type="Assembly" id="1129" name="BovineLabs.Timeline.Core.Tests.dll" fullname="/home/i/GitHub/BovineLabs/Library/ScriptAssemblies/BovineLabs.Timeline.Core.Tests.dll" runstate="Runnable" testcasecount="18" result="Passed" start-time="2026-06-02 20:14:35Z" end-time="2026-06-02 20:14:35Z" duration="0.019350" total="18" passed="18" failed="0" inconclusive="0" skipped="0" asserts="0">
      <properties>
        <property name="_PID" value="1891037" />
        <property name="_APPDOMAIN" value="Unity Child Domain" />
        <property name="platform" value="EditMode" />
        <property name="EditorOnly" value="True" />
      </properties>
      <test-suite type="TestSuite" id="1130" name="BovineLabs" fullname="BovineLabs" runstate="Runnable" testcasecount="18" result="Passed" start-time="2026-06-02 20:14:35Z" end-time="2026-06-02 20:14:35Z" duration="0.019181" total="18" passed="18" failed="0" inconclusive="0" skipped="0" asserts="0">
        <properties />
        <test-suite type="TestSuite" id="1131" name="Timeline" fullname="BovineLabs.Timeline" runstate="Runnable" testcasecount="18" result="Passed" start-time="2026-06-02 20:14:35Z" end-time="2026-06-02 20:14:35Z" duration="0.019052" total="18" passed="18" failed="0" inconclusive="0" skipped="0" asserts="0">
          <properties />
          <test-suite type="TestSuite" id="1132" name="Core" fullname="BovineLabs.Timeline.Core" runstate="Runnable" testcasecount="18" result="Passed" start-time="2026-06-02 20:14:35Z" end-time="2026-06-02 20:14:35Z" duration="0.018924" total="18" passed="18" failed="0" inconclusive="0" skipped="0" asserts="0">
            <properties />
            <test-suite type="TestSuite" id="1133" name="Tests" fullname="BovineLabs.Timeline.Core.Tests" runstate="Runnable" testcasecount="18" result="Passed" start-time="2026-06-02 20:14:35Z" end-time="2026-06-02 20:14:35Z" duration="0.018757" total="18" passed="18" failed="0" inconclusive="0" skipped="0" asserts="0">
              <properties />
              <test-suite type="TestFixture" id="1108" name="Float4x4ExtTests" fullname="BovineLabs.Timeline.Core.Tests.Float4x4ExtTests" classname="BovineLabs.Timeline.Core.Tests.Float4x4ExtTests" runstate="Runnable" testcasecount="10" result="Passed" start-time="2026-06-02 20:14:35Z" end-time="2026-06-02 20:14:35Z" duration="0.005802" total="10" passed="10" failed="0" inconclusive="0" skipped="0" asserts="0">
                <properties />
                <test-case id="1109" name="ExtractLocalTransform_Identity_ReturnsIdentity" fullname="BovineLabs.Timeline.Core.Tests.Float4x4ExtTests.ExtractLocalTransform_Identity_ReturnsIdentity" methodname="ExtractLocalTransform_Identity_ReturnsIdentity" classname="BovineLabs.Timeline.Core.Tests.Float4x4ExtTests" runstate="Runnable" seed="325635877" result="Passed" start-time="2026-06-02 20:14:35Z" end-time="2026-06-02 20:14:35Z" duration="0.001448" asserts="0">
                  <properties>
                    <property name="retryIteration" value="0" />
                    <property name="repeatIteration" value="0" />
                  </properties>
                </test-case>
                <test-case id="1117" name="ExtractLocalTransform_NegativeScale_ExtractsAbsScale" fullname="BovineLabs.Timeline.Core.Tests.Float4x4ExtTests.ExtractLocalTransform_NegativeScale_ExtractsAbsScale" methodname="ExtractLocalTransform_NegativeScale_ExtractsAbsScale" classname="BovineLabs.Timeline.Core.Tests.Float4x4ExtTests" runstate="Runnable" seed="1656572420" result="Passed" start-time="2026-06-02 20:14:35Z" end-time="2026-06-02 20:14:35Z" duration="0.000230" asserts="0">
                  <properties>
                    <property name="retryIteration" value="0" />
                    <property name="repeatIteration" value="0" />
                  </properties>
                </test-case>
                <test-case id="1114" name="ExtractLocalTransform_NonUniformScale_UsesXAsScale" fullname="BovineLabs.Timeline.Core.Tests.Float4x4ExtTests.ExtractLocalTransform_NonUniformScale_UsesXAsScale" methodname="ExtractLocalTransform_NonUniformScale_UsesXAsScale" classname="BovineLabs.Timeline.Core.Tests.Float4x4ExtTests" runstate="Runnable" seed="877505154" result="Passed" start-time="2026-06-02 20:14:35Z" end-time="2026-06-02 20:14:35Z" duration="0.000167" asserts="0">
                  <properties>
                    <property name="retryIteration" value="0" />
                    <property name="repeatIteration" value="0" />
                  </properties>
                </test-case>
                <test-case id="1112" name="ExtractLocalTransform_RotationOnly_90DegYaw" fullname="BovineLabs.Timeline.Core.Tests.Float4x4ExtTests.ExtractLocalTransform_RotationOnly_90DegYaw" methodname="ExtractLocalTransform_RotationOnly_90DegYaw" classname="BovineLabs.Timeline.Core.Tests.Float4x4ExtTests" runstate="Runnable" seed="851619152" result="Passed" start-time="2026-06-02 20:14:35Z" end-time="2026-06-02 20:14:35Z" duration="0.000319" asserts="0">
                  <properties>
                    <property name="retryIteration" value="0" />
                    <property name="repeatIteration" value="0" />
                  </properties>
                </test-case>
                <test-case id="1111" name="ExtractLocalTransform_ScaleOnly_UniformScaleCorrect" fullname="BovineLabs.Timeline.Core.Tests.Float4x4ExtTests.ExtractLocalTransform_ScaleOnly_UniformScaleCorrect" methodname="ExtractLocalTransform_ScaleOnly_UniformScaleCorrect" classname="BovineLabs.Timeline.Core.Tests.Float4x4ExtTests" runstate="Runnable" seed="1344522994" result="Passed" start-time="2026-06-02 20:14:35Z" end-time="2026-06-02 20:14:35Z" duration="0.000195" asserts="0">
                  <properties>
                    <property name="retryIteration" value="0" />
                    <property name="repeatIteration" value="0" />
                  </properties>
                </test-case>
                <test-case id="1118" name="ExtractLocalTransform_SmallScale_HandledCorrectly" fullname="BovineLabs.Timeline.Core.Tests.Float4x4ExtTests.ExtractLocalTransform_SmallScale_HandledCorrectly" methodname="ExtractLocalTransform_SmallScale_HandledCorrectly" classname="BovineLabs.Timeline.Core.Tests.Float4x4ExtTests" runstate="Runnable" seed="95930000" result="Passed" start-time="2026-06-02 20:14:35Z" end-time="2026-06-02 20:14:35Z" duration="0.000152" asserts="0">
                  <properties>
                    <property name="retryIteration" value="0" />
                    <property name="repeatIteration" value="0" />
                  </properties>
                </test-case>
                <test-case id="1113" name="ExtractLocalTransform_TranslationAndScale_BothCorrect" fullname="BovineLabs.Timeline.Core.Tests.Float4x4ExtTests.ExtractLocalTransform_TranslationAndScale_BothCorrect" methodname="ExtractLocalTransform_TranslationAndScale_BothCorrect" classname="BovineLabs.Timeline.Core.Tests.Float4x4ExtTests" runstate="Runnable" seed="1474964702" result="Passed" start-time="2026-06-02 20:14:35Z" end-time="2026-06-02 20:14:35Z" duration="0.000189" asserts="0">
                  <properties>
                    <property name="retryIteration" value="0" />
                    <property name="repeatIteration" value="0" />
                  </properties>
                </test-case>
                <test-case id="1110" name="ExtractLocalTransform_TranslationOnly_PositionCorrect" fullname="BovineLabs.Timeline.Core.Tests.Float4x4ExtTests.ExtractLocalTransform_TranslationOnly_PositionCorrect" methodname="ExtractLocalTransform_TranslationOnly_PositionCorrect" classname="BovineLabs.Timeline.Core.Tests.Float4x4ExtTests" runstate="Runnable" seed="2028283952" result="Passed" start-time="2026-06-02 20:14:35Z" end-time="2026-06-02 20:14:35Z" duration="0.000242" asserts="0">
                  <properties>
                    <property name="retryIteration" value="0" />
                    <property name="repeatIteration" value="0" />
                  </properties>
                </test-case>
                <test-case id="1115" name="ExtractLocalTransform_TRS_AllCorrect" fullname="BovineLabs.Timeline.Core.Tests.Float4x4ExtTests.ExtractLocalTransform_TRS_AllCorrect" methodname="ExtractLocalTransform_TRS_AllCorrect" classname="BovineLabs.Timeline.Core.Tests.Float4x4ExtTests" runstate="Runnable" seed="101044568" result="Passed" start-time="2026-06-02 20:14:35Z" end-time="2026-06-02 20:14:35Z" duration="0.000740" asserts="0">
                  <properties>
                    <property name="retryIteration" value="0" />
                    <property name="repeatIteration" value="0" />
                  </properties>
                </test-case>
                <test-case id="1116" name="ExtractLocalTransform_ZeroMatrix_DoesNotThrow" fullname="BovineLabs.Timeline.Core.Tests.Float4x4ExtTests.ExtractLocalTransform_ZeroMatrix_DoesNotThrow" methodname="ExtractLocalTransform_ZeroMatrix_DoesNotThrow" classname="BovineLabs.Timeline.Core.Tests.Float4x4ExtTests" runstate="Runnable" seed="1869461953" result="Passed" start-time="2026-06-02 20:14:35Z" end-time="2026-06-02 20:14:35Z" duration="0.000274" asserts="0">
                  <properties>
                    <property name="retryIteration" value="0" />
                    <property name="repeatIteration" value="0" />
                  </properties>
                </test-case>
              </test-suite>
              <test-suite type="TestFixture" id="1119" name="TimelineReferenceBuilderTests" fullname="BovineLabs.Timeline.Core.Tests.TimelineReferenceBuilderTests" classname="BovineLabs.Timeline.Core.Tests.TimelineReferenceBuilderTests" runstate="Runnable" testcasecount="5" result="Passed" start-time="2026-06-02 20:14:35Z" end-time="2026-06-02 20:14:35Z" duration="0.011137" total="5" passed="5" failed="0" inconclusive="0" skipped="0" asserts="0">
                <properties />
                <test-case id="1120" name="ApplyTo_AddsTimelineReference" fullname="BovineLabs.Timeline.Core.Tests.TimelineReferenceBuilderTests.ApplyTo_AddsTimelineReference" methodname="ApplyTo_AddsTimelineReference" classname="BovineLabs.Timeline.Core.Tests.TimelineReferenceBuilderTests" runstate="Runnable" seed="978942715" result="Passed" start-time="2026-06-02 20:14:35Z" end-time="2026-06-02 20:14:35Z" duration="0.004479" asserts="0">
                  <properties>
                    <property name="retryIteration" value="0" />
                    <property name="repeatIteration" value="0" />
                  </properties>
                </test-case>
                <test-case id="1124" name="ApplyTo_ComponentIsZeroSizedTag" fullname="BovineLabs.Timeline.Core.Tests.TimelineReferenceBuilderTests.ApplyTo_ComponentIsZeroSizedTag" methodname="ApplyTo_ComponentIsZeroSizedTag" classname="BovineLabs.Timeline.Core.Tests.TimelineReferenceBuilderTests" runstate="Runnable" seed="1219063159" result="Passed" start-time="2026-06-02 20:14:35Z" end-time="2026-06-02 20:14:35Z" duration="0.001416" asserts="0">
                  <properties>
                    <property name="retryIteration" value="0" />
                    <property name="repeatIteration" value="0" />
                  </properties>
                </test-case>
                <test-case id="1121" name="ApplyTo_EntityAlreadyHasComponent_DoesNotThrow" fullname="BovineLabs.Timeline.Core.Tests.TimelineReferenceBuilderTests.ApplyTo_EntityAlreadyHasComponent_DoesNotThrow" methodname="ApplyTo_EntityAlreadyHasComponent_DoesNotThrow" classname="BovineLabs.Timeline.Core.Tests.TimelineReferenceBuilderTests" runstate="Runnable" seed="2095505283" result="Passed" start-time="2026-06-02 20:14:35Z" end-time="2026-06-02 20:14:35Z" duration="0.001452" asserts="0">
                  <properties>
                    <property name="retryIteration" value="0" />
                    <property name="repeatIteration" value="0" />
                  </properties>
                </test-case>
                <test-case id="1122" name="ApplyTo_MultipleEntities_AllGetComponent" fullname="BovineLabs.Timeline.Core.Tests.TimelineReferenceBuilderTests.ApplyTo_MultipleEntities_AllGetComponent" methodname="ApplyTo_MultipleEntities_AllGetComponent" classname="BovineLabs.Timeline.Core.Tests.TimelineReferenceBuilderTests" runstate="Runnable" seed="688623381" result="Passed" start-time="2026-06-02 20:14:35Z" end-time="2026-06-02 20:14:35Z" duration="0.001407" asserts="0">
                  <properties>
                    <property name="retryIteration" value="0" />
                    <property name="repeatIteration" value="0" />
                  </properties>
                </test-case>
                <test-case id="1123" name="TimelineReference_IsBlittable" fullname="BovineLabs.Timeline.Core.Tests.TimelineReferenceBuilderTests.TimelineReference_IsBlittable" methodname="TimelineReference_IsBlittable" classname="BovineLabs.Timeline.Core.Tests.TimelineReferenceBuilderTests" runstate="Runnable" seed="235470092" result="Passed" start-time="2026-06-02 20:14:35Z" end-time="2026-06-02 20:14:35Z" duration="0.001215" asserts="0">
                  <properties>
                    <property name="retryIteration" value="0" />
                    <property name="repeatIteration" value="0" />
                  </properties>
                </test-case>
              </test-suite>
              <test-suite type="TestFixture" id="1125" name="TimelineReferenceTests" fullname="BovineLabs.Timeline.Core.Tests.TimelineReferenceTests" classname="BovineLabs.Timeline.Core.Tests.TimelineReferenceTests" runstate="Runnable" testcasecount="3" result="Passed" start-time="2026-06-02 20:14:35Z" end-time="2026-06-02 20:14:35Z" duration="0.001313" total="3" passed="3" failed="0" inconclusive="0" skipped="0" asserts="0">
                <properties />
                <test-case id="1128" name="DefaultConstructs" fullname="BovineLabs.Timeline.Core.Tests.TimelineReferenceTests.DefaultConstructs" methodname="DefaultConstructs" classname="BovineLabs.Timeline.Core.Tests.TimelineReferenceTests" runstate="Runnable" seed="2005258880" result="Passed" start-time="2026-06-02 20:14:35Z" end-time="2026-06-02 20:14:35Z" duration="0.000279" asserts="0">
                  <properties>
                    <property name="retryIteration" value="0" />
                    <property name="repeatIteration" value="0" />
                  </properties>
                </test-case>
                <test-case id="1126" name="IsIComponentData" fullname="BovineLabs.Timeline.Core.Tests.TimelineReferenceTests.IsIComponentData" methodname="IsIComponentData" classname="BovineLabs.Timeline.Core.Tests.TimelineReferenceTests" runstate="Runnable" seed="2014117841" result="Passed" start-time="2026-06-02 20:14:35Z" end-time="2026-06-02 20:14:35Z" duration="0.000128" asserts="0">
                  <properties>
                    <property name="retryIteration" value="0" />
                    <property name="repeatIteration" value="0" />
                  </properties>
                </test-case>
                <test-case id="1127" name="IsValueType" fullname="BovineLabs.Timeline.Core.Tests.TimelineReferenceTests.IsValueType" methodname="IsValueType" classname="BovineLabs.Timeline.Core.Tests.TimelineReferenceTests" runstate="Runnable" seed="1801108997" result="Passed" start-time="2026-06-02 20:14:35Z" end-time="2026-06-02 20:14:35Z" duration="0.000116" asserts="0">
                  <properties>
                    <property name="retryIteration" value="0" />
                    <property name="repeatIteration" value="0" />
                  </properties>
                </test-case>
              </test-suite>
            </test-suite>
          </test-suite>
        </test-suite>
      </test-suite>
    </test-suite>
    <test-suite type="Assembly" id="1200" name="BovineLabs.Timeline.EntityLinks.Tests.dll" fullname="/home/i/GitHub/BovineLabs/Library/ScriptAssemblies/BovineLabs.Timeline.EntityLinks.Tests.dll" runstate="Runnable" testcasecount="62" result="Passed" start-time="2026-06-02 20:14:35Z" end-time="2026-06-02 20:14:35Z" duration="0.124425" total="62" passed="62" failed="0" inconclusive="0" skipped="0" asserts="0">
      <properties>
[...]
                <properties />
                <test-case id="1284" name="Registry_FiresJoinLeaveEvents" fullname="BovineLabs.Timeline.PlayerInputs.Tests.InputRegistryTests.Registry_FiresJoinLeaveEvents" methodname="Registry_FiresJoinLeaveEvents" classname="BovineLabs.Timeline.PlayerInputs.Tests.InputRegistryTests" runstate="Runnable" seed="292403445" result="Passed" start-time="2026-06-02 20:14:35Z" end-time="2026-06-02 20:14:35Z" duration="0.009510" asserts="0">
                  <properties>
                    <property name="retryIteration" value="0" />
                    <property name="repeatIteration" value="0" />
                  </properties>
                </test-case>
                <test-case id="1283" name="Registry_MapsPlayerIdToProvider" fullname="BovineLabs.Timeline.PlayerInputs.Tests.InputRegistryTests.Registry_MapsPlayerIdToProvider" methodname="Registry_MapsPlayerIdToProvider" classname="BovineLabs.Timeline.PlayerInputs.Tests.InputRegistryTests" runstate="Runnable" seed="1380779890" result="Passed" start-time="2026-06-02 20:14:35Z" end-time="2026-06-02 20:14:35Z" duration="0.002153" asserts="0">
                  <properties>
                    <property name="retryIteration" value="0" />
                    <property name="repeatIteration" value="0" />
                  </properties>
                </test-case>
              </test-suite>
            </test-suite>
          </test-suite>
        </test-suite>
      </test-suite>
    </test-suite>
    <test-suite type="Assembly" id="1316" name="BovineLabs.Timeline.Time.Tests.dll" fullname="/home/i/GitHub/BovineLabs/Library/ScriptAssemblies/BovineLabs.Timeline.Time.Tests.dll" runstate="Runnable" testcasecount="22" result="Passed" start-time="2026-06-02 20:14:35Z" end-time="2026-06-02 20:14:35Z" duration="0.009077" total="22" passed="22" failed="0" inconclusive="0" skipped="0" asserts="0">
      <properties>
        <property name="_PID" value="1891037" />
        <property name="_APPDOMAIN" value="Unity Child Domain" />
        <property name="platform" value="EditMode" />
        <property name="EditorOnly" value="True" />
      </properties>
      <test-suite type="TestSuite" id="1317" name="BovineLabs" fullname="BovineLabs" runstate="Runnable" testcasecount="22" result="Passed" start-time="2026-06-02 20:14:35Z" end-time="2026-06-02 20:14:35Z" duration="0.008825" total="22" passed="22" failed="0" inconclusive="0" skipped="0" asserts="0">
        <properties />
        <test-suite type="TestSuite" id="1318" name="Timeline" fullname="BovineLabs.Timeline" runstate="Runnable" testcasecount="22" result="Passed" start-time="2026-06-02 20:14:35Z" end-time="2026-06-02 20:14:35Z" duration="0.008683" total="22" passed="22" failed="0" inconclusive="0" skipped="0" asserts="0">
          <properties />
          <test-suite type="TestSuite" id="1319" name="Time" fullname="BovineLabs.Timeline.Time" runstate="Runnable" testcasecount="22" result="Passed" start-time="2026-06-02 20:14:35Z" end-time="2026-06-02 20:14:35Z" duration="0.008558" total="22" passed="22" failed="0" inconclusive="0" skipped="0" asserts="0">
            <properties />
            <test-suite type="TestSuite" id="1320" name="Tests" fullname="BovineLabs.Timeline.Time.Tests" runstate="Runnable" testcasecount="22" result="Passed" start-time="2026-06-02 20:14:35Z" end-time="2026-06-02 20:14:35Z" duration="0.008390" total="22" passed="22" failed="0" inconclusive="0" skipped="0" asserts="0">
              <properties />
              <test-suite type="TestFixture" id="1293" name="TimelineTimeScaleAnimatedTests" fullname="BovineLabs.Timeline.Time.Tests.TimelineTimeScaleAnimatedTests" classname="BovineLabs.Timeline.Time.Tests.TimelineTimeScaleAnimatedTests" runstate="Runnable" testcasecount="7" result="Passed" start-time="2026-06-02 20:14:35Z" end-time="2026-06-02 20:14:35Z" duration="0.002487" total="7" passed="7" failed="0" inconclusive="0" skipped="0" asserts="0">
                <properties />
                <test-case id="1298" name="AuthoredData_SetCorrectly" fullname="BovineLabs.Timeline.Time.Tests.TimelineTimeScaleAnimatedTests.AuthoredData_SetCorrectly" methodname="AuthoredData_SetCorrectly" classname="BovineLabs.Timeline.Time.Tests.TimelineTimeScaleAnimatedTests" runstate="Runnable" seed="112030692" result="Passed" start-time="2026-06-02 20:14:35Z" end-time="2026-06-02 20:14:35Z" duration="0.000193" asserts="0">
                  <properties>
                    <property name="retryIteration" value="0" />
                    <property name="repeatIteration" value="0" />
                  </properties>
                </test-case>
                <test-case id="1294" name="Default_AuthoredDataIsZero" fullname="BovineLabs.Timeline.Time.Tests.TimelineTimeScaleAnimatedTests.Default_AuthoredDataIsZero" methodname="Default_AuthoredDataIsZero" classname="BovineLabs.Timeline.Time.Tests.TimelineTimeScaleAnimatedTests" runstate="Runnable" seed="192791785" result="Passed" start-time="2026-06-02 20:14:35Z" end-time="2026-06-02 20:14:35Z" duration="0.000141" asserts="0">
                  <properties>
                    <property name="retryIteration" value="0" />
                    <property name="repeatIteration" value="0" />
                  </properties>
                </test-case>
                <test-case id="1297" name="Default_StatEntityIsNull" fullname="BovineLabs.Timeline.Time.Tests.TimelineTimeScaleAnimatedTests.Default_StatEntityIsNull" methodname="Default_StatEntityIsNull" classname="BovineLabs.Timeline.Time.Tests.TimelineTimeScaleAnimatedTests" runstate="Runnable" seed="714499995" result="Passed" start-time="2026-06-02 20:14:35Z" end-time="2026-06-02 20:14:35Z" duration="0.000157" asserts="0">
                  <properties>
                    <property name="retryIteration" value="0" />
                    <property name="repeatIteration" value="0" />
                  </properties>
                </test-case>
                <test-case id="1296" name="Default_StatKeyIsDefault" fullname="BovineLabs.Timeline.Time.Tests.TimelineTimeScaleAnimatedTests.Default_StatKeyIsDefault" methodname="Default_StatKeyIsDefault" classname="BovineLabs.Timeline.Time.Tests.TimelineTimeScaleAnimatedTests" runstate="Runnable" seed="1176992502" result="Passed" start-time="2026-06-02 20:14:35Z" end-time="2026-06-02 20:14:35Z" duration="0.000176" asserts="0">
                  <properties>
                    <property name="retryIteration" value="0" />
                    <property name="repeatIteration" value="0" />
                  </properties>
                </test-case>
                <test-case id="1295" name="Default_ValueIsZero" fullname="BovineLabs.Timeline.Time.Tests.TimelineTimeScaleAnimatedTests.Default_ValueIsZero" methodname="Default_ValueIsZero" classname="BovineLabs.Timeline.Time.Tests.TimelineTimeScaleAnimatedTests" runstate="Runnable" seed="1107029204" result="Passed" start-time="2026-06-02 20:14:35Z" end-time="2026-06-02 20:14:35Z" duration="0.000178" asserts="0">
                  <properties>
                    <property name="retryIteration" value="0" />
                    <property name="repeatIteration" value="0" />
                  </properties>
                </test-case>
                <test-case id="1300" name="Value_PropertyRoundTrip" fullname="BovineLabs.Timeline.Time.Tests.TimelineTimeScaleAnimatedTests.Value_PropertyRoundTrip" methodname="Value_PropertyRoundTrip" classname="BovineLabs.Timeline.Time.Tests.TimelineTimeScaleAnimatedTests" runstate="Runnable" seed="605910170" result="Passed" start-time="2026-06-02 20:14:35Z" end-time="2026-06-02 20:14:35Z" duration="0.000176" asserts="0">
                  <properties>
                    <property name="retryIteration" value="0" />
                    <property name="repeatIteration" value="0" />
                  </properties>
                </test-case>
                <test-case id="1299" name="Value_SetCorrectly" fullname="BovineLabs.Timeline.Time.Tests.TimelineTimeScaleAnimatedTests.Value_SetCorrectly" methodname="Value_SetCorrectly" classname="BovineLabs.Timeline.Time.Tests.TimelineTimeScaleAnimatedTests" runstate="Runnable" seed="453252610" result="Passed" start-time="2026-06-02 20:14:35Z" end-time="2026-06-02 20:14:35Z" duration="0.000142" asserts="0">
                  <properties>
                    <property name="retryIteration" value="0" />
                    <property name="repeatIteration" value="0" />
                  </properties>
                </test-case>
              </test-suite>
              <test-suite type="TestFixture" id="1290" name="TimelineTimeScaleMultiplierTests" fullname="BovineLabs.Timeline.Time.Tests.TimelineTimeScaleMultiplierTests" classname="BovineLabs.Timeline.Time.Tests.TimelineTimeScaleMultiplierTests" runstate="Runnable" testcasecount="2" result="Passed" start-time="2026-06-02 20:14:35Z" end-time="2026-06-02 20:14:35Z" duration="0.000945" total="2" passed="2" failed="0" inconclusive="0" skipped="0" asserts="0">
                <properties />
                <test-case id="1291" name="Default_ValueIsZero" fullname="BovineLabs.Timeline.Time.Tests.TimelineTimeScaleMultiplierTests.Default_ValueIsZero" methodname="Default_ValueIsZero" classname="BovineLabs.Timeline.Time.Tests.TimelineTimeScaleMultiplierTests" runstate="Runnable" seed="999252506" result="Passed" start-time="2026-06-02 20:14:35Z" end-time="2026-06-02 20:14:35Z" duration="0.000148" asserts="0">
                  <properties>
                    <property name="retryIteration" value="0" />
                    <property name="repeatIteration" value="0" />
                  </properties>
                </test-case>
                <test-case id="1292" name="Value_SetCorrectly" fullname="BovineLabs.Timeline.Time.Tests.TimelineTimeScaleMultiplierTests.Value_SetCorrectly" methodname="Value_SetCorrectly" classname="BovineLabs.Timeline.Time.Tests.TimelineTimeScaleMultiplierTests" runstate="Runnable" seed="2080722525" result="Passed" start-time="2026-06-02 20:14:35Z" end-time="2026-06-02 20:14:35Z" duration="0.000142" asserts="0">
                  <properties>
                    <property name="retryIteration" value="0" />
                    <property name="repeatIteration" value="0" />
                  </properties>
                </test-case>
              </test-suite>
              <test-suite type="TestFixture" id="1301" name="WorldTimeScaleAnimatedTests" fullname="BovineLabs.Timeline.Time.Tests.WorldTimeScaleAnimatedTests" classname="BovineLabs.Timeline.Time.Tests.WorldTimeScaleAnimatedTests" runstate="Runnable" testcasecount="5" result="Passed" start-time="2026-06-02 20:14:35Z" end-time="2026-06-02 20:14:35Z" duration="0.001765" total="5" passed="5" failed="0" inconclusive="0" skipped="0" asserts="0">
                <properties />
                <test-case id="1304" name="AuthoredData_SetCorrectly" fullname="BovineLabs.Timeline.Time.Tests.WorldTimeScaleAnimatedTests.AuthoredData_SetCorrectly" methodname="AuthoredData_SetCorrectly" classname="BovineLabs.Timeline.Time.Tests.WorldTimeScaleAnimatedTests" runstate="Runnable" seed="621712639" result="Passed" start-time="2026-06-02 20:14:35Z" end-time="2026-06-02 20:14:35Z" duration="0.000159" asserts="0">
                  <properties>
                    <property name="retryIteration" value="0" />
                    <property name="repeatIteration" value="0" />
                  </properties>
                </test-case>
                <test-case id="1302" name="Default_AuthoredDataIsZero" fullname="BovineLabs.Timeline.Time.Tests.WorldTimeScaleAnimatedTests.Default_AuthoredDataIsZero" methodname="Default_AuthoredDataIsZero" classname="BovineLabs.Timeline.Time.Tests.WorldTimeScaleAnimatedTests" runstate="Runnable" seed="723639684" result="Passed" start-time="2026-06-02 20:14:35Z" end-time="2026-06-02 20:14:35Z" duration="0.000137" asserts="0">
                  <properties>
                    <property name="retryIteration" value="0" />
                    <property name="repeatIteration" value="0" />
                  </properties>
                </test-case>
                <test-case id="1303" name="Default_ValueIsZero" fullname="BovineLabs.Timeline.Time.Tests.WorldTimeScaleAnimatedTests.Default_ValueIsZero" methodname="Default_ValueIsZero" classname="BovineLabs.Timeline.Time.Tests.WorldTimeScaleAnimatedTests" runstate="Runnable" seed="1408437933" result="Passed" start-time="2026-06-02 20:14:35Z" end-time="2026-06-02 20:14:35Z" duration="0.000170" asserts="0">
                  <properties>
                    <property name="retryIteration" value="0" />
                    <property name="repeatIteration" value="0" />
                  </properties>
                </test-case>
                <test-case id="1306" name="Value_PropertyRoundTrip" fullname="BovineLabs.Timeline.Time.Tests.WorldTimeScaleAnimatedTests.Value_PropertyRoundTrip" methodname="Value_PropertyRoundTrip" classname="BovineLabs.Timeline.Time.Tests.WorldTimeScaleAnimatedTests" runstate="Runnable" seed="454375733" result="Passed" start-time="2026-06-02 20:14:35Z" end-time="2026-06-02 20:14:35Z" duration="0.000163" asserts="0">
                  <properties>
                    <property name="retryIteration" value="0" />
                    <property name="repeatIteration" value="0" />
                  </properties>
                </test-case>
                <test-case id="1305" name="Value_SetCorrectly" fullname="BovineLabs.Timeline.Time.Tests.WorldTimeScaleAnimatedTests.Value_SetCorrectly" methodname="Value_SetCorrectly" classname="BovineLabs.Timeline.Time.Tests.WorldTimeScaleAnimatedTests" runstate="Runnable" seed="925219120" result="Passed" start-time="2026-06-02 20:14:35Z" end-time="2026-06-02 20:14:35Z" duration="0.000138" asserts="0">
                  <properties>
                    <property name="retryIteration" value="0" />
                    <property name="repeatIteration" value="0" />
                  </properties>
                </test-case>
              </test-suite>
              <test-suite type="TestFixture" id="1307" name="WorldTimeScaleDataTests" fullname="BovineLabs.Timeline.Time.Tests.WorldTimeScaleDataTests" classname="BovineLabs.Timeline.Time.Tests.WorldTimeScaleDataTests" runstate="Runnable" testcasecount="8" result="Passed" start-time="2026-06-02 20:14:35Z" end-time="2026-06-02 20:14:35Z" duration="0.002579" total="8" passed="8" failed="0" inconclusive="0" skipped="0" asserts="0">
                <properties />
                <test-case id="1310" name="ActiveScale_SetCorrectly" fullname="BovineLabs.Timeline.Time.Tests.WorldTimeScaleDataTests.ActiveScale_SetCorrectly" methodname="ActiveScale_SetCorrectly" classname="BovineLabs.Timeline.Time.Tests.WorldTimeScaleDataTests" runstate="Runnable" seed="1124864526" result="Passed" start-time="2026-06-02 20:14:35Z" end-time="2026-06-02 20:14:35Z" duration="0.000159" asserts="0">
                  <properties>
                    <property name="retryIteration" value="0" />
                    <property name="repeatIteration" value="0" />
                  </properties>
                </test-case>
                <test-case id="1315" name="AllFields_SetCorrectly" fullname="BovineLabs.Timeline.Time.Tests.WorldTimeScaleDataTests.AllFields_SetCorrectly" methodname="AllFields_SetCorrectly" classname="BovineLabs.Timeline.Time.Tests.WorldTimeScaleDataTests" runstate="Runnable" seed="92071130" result="Passed" start-time="2026-06-02 20:14:35Z" end-time="2026-06-02 20:14:35Z" duration="0.000176" asserts="0">
                  <properties>
                    <property name="retryIteration" value="0" />
                    <property name="repeatIteration" value="0" />
                  </properties>
                </test-case>
                <test-case id="1308" name="Default_AllFieldsZeroOrFalse" fullname="BovineLabs.Timeline.Time.Tests.WorldTimeScaleDataTests.Default_AllFieldsZeroOrFalse" methodname="Default_AllFieldsZeroOrFalse" classname="BovineLabs.Timeline.Time.Tests.WorldTimeScaleDataTests" runstate="Runnable" seed="1380803732" result="Passed" start-time="2026-06-02 20:14:35Z" end-time="2026-06-02 20:14:35Z" duration="0.000159" asserts="0">
                  <properties>
                    <property name="retryIteration" value="0" />
                    <property name="repeatIteration" value="0" />
                  </properties>
                </test-case>
                <test-case id="1314" name="DefaultFixedDeltaTime_SetCorrectly" fullname="BovineLabs.Timeline.Time.Tests.WorldTimeScaleDataTests.DefaultFixedDeltaTime_SetCorrectly" methodname="DefaultFixedDeltaTime_SetCorrectly" classname="BovineLabs.Timeline.Time.Tests.WorldTimeScaleDataTests" runstate="Runnable" seed="310062226" result="Passed" start-time="2026-06-02 20:14:35Z" end-time="2026-06-02 20:14:35Z" duration="0.000146" asserts="0">
                  <properties>
                    <property name="retryIteration" value="0" />
                    <property name="repeatIteration" value="0" />
                  </properties>
                </test-case>
                <test-case id="1309" name="DefaultScale_SetCorrectly" fullname="BovineLabs.Timeline.Time.Tests.WorldTimeScaleDataTests.DefaultScale_SetCorrectly" methodname="DefaultScale_SetCorrectly" classname="BovineLabs.Timeline.Time.Tests.WorldTimeScaleDataTests" runstate="Runnable" seed="1754750165" result="Passed" start-time="2026-06-02 20:14:35Z" end-time="2026-06-02 20:14:35Z" duration="0.000145" asserts="0">
                  <properties>
                    <property name="retryIteration" value="0" />
                    <property name="repeatIteration" value="0" />
                  </properties>
                </test-case>
                <test-case id="1312" name="IsActive_SetFalse" fullname="BovineLabs.Timeline.Time.Tests.WorldTimeScaleDataTests.IsActive_SetFalse" methodname="IsActive_SetFalse" classname="BovineLabs.Timeline.Time.Tests.WorldTimeScaleDataTests" runstate="Runnable" seed="312288508" result="Passed" start-time="2026-06-02 20:14:35Z" end-time="2026-06-02 20:14:35Z" duration="0.000133" asserts="0">
                  <properties>
                    <property name="retryIteration" value="0" />
                    <property name="repeatIteration" value="0" />
                  </properties>
                </test-case>
                <test-case id="1311" name="IsActive_SetTrue" fullname="BovineLabs.Timeline.Time.Tests.WorldTimeScaleDataTests.IsActive_SetTrue" methodname="IsActive_SetTrue" classname="BovineLabs.Timeline.Time.Tests.WorldTimeScaleDataTests" runstate="Runnable" seed="1882052855" result="Passed" start-time="2026-06-02 20:14:35Z" end-time="2026-06-02 20:14:35Z" duration="0.000128" asserts="0">
                  <properties>
                    <property name="retryIteration" value="0" />
                    <property name="repeatIteration" value="0" />
                  </properties>
                </test-case>
                <test-case id="1313" name="ScaleFixedDeltaTime_SetTrue" fullname="BovineLabs.Timeline.Time.Tests.WorldTimeScaleDataTests.ScaleFixedDeltaTime_SetTrue" methodname="ScaleFixedDeltaTime_SetTrue" classname="BovineLabs.Timeline.Time.Tests.WorldTimeScaleDataTests" runstate="Runnable" seed="2080126021" result="Passed" start-time="2026-06-02 20:14:35Z" end-time="2026-06-02 20:14:35Z" duration="0.000135" asserts="0">
                  <properties>
                    <property name="retryIteration" value="0" />
                    <property name="repeatIteration" value="0" />
                  </properties>
                  <output><![CDATA[Saving results to: /home/i/.config/unity3d/iafahim/BovineLabs/TestResults.xml
]]></output>
                </test-case>
              </test-suite>
            </test-suite>
          </test-suite>
        </test-suite>
      </test-suite>
    </test-suite>
  </test-suite>
</test-run>